<?xml version="1.0" encoding="UTF-8"?>
<!-- Generated by org.testng.reporters.JUnitXMLReporter -->
<testsuite ignored="0" hostname="DESKTOP-71VTHM1" failures="0" tests="4" name="Default test" time="3.787" errors="0" timestamp="23 Aug 2022 17:08:15 GMT">
  <testcase classname="restBDD.MedicareTest" name="getAllProducts" time="3.535"/>
  <testcase classname="restBDD.MedicareTest" name="getCat1Products" time="0.078"/>
  <testcase classname="restBDD.MedicareTest" name="getMpProducts" time="0.051"/>
  <testcase classname="restBDD.MedicareTest" name="getMvProducts" time="0.056"/>
</testsuite> <!-- Default test -->
