<?xml version="1.0" encoding="UTF-8"?>
<testsuite xmlns:xsi="http://www.w3.org/2001/XMLSchema-instance" xsi:noNamespaceSchemaLocation="https://maven.apache.org/surefire/maven-surefire-plugin/xsd/surefire-test-report-3.0.xsd" version="3.0" name="stepDefs.TestRunner" time="219.422" tests="12" errors="0" skipped="0" failures="0">
  <properties>
[...]
</properties>
  <testcase name="To perform the Get operation for All products" classname="Product search" time="10.696">
    <system-err><![CDATA[Starting ChromeDriver 104.0.5112.79 (3cf3e8c8a07d104b9e1260c910efb8f383285dc5-refs/branch-heads/5112@{#1307}) on port 39843
Only local connections are allowed.
Please see https://chromedriver.chromium.org/security-considerations for suggestions on keeping ChromeDriver safe.
ChromeDriver was started successfully.
Aug 29, 2022 1:37:56 AM org.openqa.selenium.remote.ProtocolHandshake createSession
INFO: Detected dialect: W3C
]]></system-err>
  </testcase>
  <testcase name="To perform the Get operation for products in 1st Category" classname="Product search" time="5.514">
    <system-err><![CDATA[Starting ChromeDriver 104.0.5112.79 (3cf3e8c8a07d104b9e1260c910efb8f383285dc5-refs/branch-heads/5112@{#1307}) on port 27415
Only local connections are allowed.
Please see https://chromedriver.chromium.org/security-considerations for suggestions on keeping ChromeDriver safe.
ChromeDriver was started successfully.
Aug 29, 2022 1:38:06 AM org.openqa.selenium.remote.ProtocolHandshake createSession
INFO: Detected dialect: W3C
]]></system-err>
  </testcase>
  <testcase name="To perform the Get operation for Most viewed products" classname="Product search" time="4.394">
    <system-err><![CDATA[Starting ChromeDriver 104.0.5112.79 (3cf3e8c8a07d104b9e1260c910efb8f383285dc5-refs/branch-heads/5112@{#1307}) on port 19402
Only local connections are allowed.
Please see https://chromedriver.chromium.org/security-considerations for suggestions on keeping ChromeDriver safe.
ChromeDriver was started successfully.
Aug 29, 2022 1:38:11 AM org.openqa.selenium.remote.ProtocolHandshake createSession
INFO: Detected dialect: W3C
]]></system-err>
  </testcase>
  <testcase name="To perform the Get operation for Most purchased products" classname="Product search" time="4.214">
    <system-err><![CDATA[Starting ChromeDriver 104.0.5112.79 (3cf3e8c8a07d104b9e1260c910efb8f383285dc5-refs/branch-heads/5112@{#1307}) on port 25773
Only local connections are allowed.
Please see https://chromedriver.chromium.org/security-considerations for suggestions on keeping ChromeDriver safe.
ChromeDriver was started successfully.
Aug 29, 2022 1:38:15 AM org.openqa.selenium.remote.ProtocolHandshake createSession
INFO: Detected dialect: W3C
]]></system-err>
  </testcase>
  <testcase name="To verify End to End test functionality  by searching elements from table list" classname="End to End test flow" time="53.481">
    <system-out><![CDATA[I am on login page
Kavita Nigam
All Products : All Products
Temp Array size : 4
Item Count : 0
Row count : 1
Row count : 2
Paracetamol
Paracetamol
Row count : 3
Row count : 4
Row count : 5
Row count : 6
Column Count Value : 6
Row count : 7
Item Count : 1
Row count : 1
Row count : 2
Row count : 3
Row count : 4
Row count : 5
Row count : 6
Row count : 7
Row count : 8
Row count : 9
Row count : 10
Row count : 11
Row count : 12
Row count : 13
Row count : 14
Row count : 15
Row count : 16
Row count : 17
Row count : 18
Row count : 19
Row count : 20
Aceclofenac
Aceclofenac
Row count : 21
Row count : 22
Row count : 23
Row count : 24
Column Count Value : 24
Row count : 25
Item Count : 2
Row count : 1
Row count : 2
Row count : 3
Row count : 4
Row count : 5
Row count : 6
Row count : 7
Row count : 8
Row count : 9
Row count : 10
Row count : 11
Row count : 12
Row count : 13
Row count : 14
Row count : 15
Row count : 16
Row count : 17
Row count : 18
Row count : 19
Row count : 20
Row count : 21
Row count : 22
Row count : 23
Row count : 24
Row count : 25
Row count : 26
Row count : 27
Row count : 28
Row count : 29
Row count : 30
Row count : 31
Row count : 32
Ciprofloxacin
Ciprofloxacin
Row count : 33
Row count : 34
Row count : 35
Row count : 36
Column Count Value : 36
Row count : 37
Item Count : 3
Row count : 1
Row count : 2
Row count : 3
Row count : 4
Row count : 5
Row count : 6
Row count : 7
Row count : 8
Row count : 9
Row count : 10
Row count : 11
Row count : 12
Row count : 13
Row count : 14
Row count : 15
Row count : 16
Row count : 17
Row count : 18
Row count : 19
Row count : 20
Aceclofenac
Aceclofenac
Row count : 21
Row count : 22
Row count : 23
Row count : 24
Column Count Value : 24
Row count : 25
Check Out Value :  3 - ₹ 150.0
Select Shipping Address
₹ 150.0/-
Final Payment
Your Order is Confirmed!!
Billed To:
Kavita Nigam
102 Sabarmati Society, Mahatma Gandhi Road
Near Salt Lake, Gandhi Nagar
Ahmedabad - 111111
Gujarat - India
Shipped To:
Kavita Nigam
102 Sabarmati Society, Mahatma Gandhi Road
Near Salt Lake, Gandhi Nagar
Ahmedabad - 111111
Gujarat - India
Payment Method:
Card Payment
kn@gmail.com
Order Date:
Mon Aug 29 01:39:04 IST 2022
Order summary
Item		Price		Quantity		Totals		
Paracetamol		₹ 18.0		1		₹ 18.0		
Aceclofenac		₹ 42.0		2		₹ 84.0		
Ciprofloxacin		₹ 48.0		1		₹ 48.0		
]]></system-out>
    <system-err><![CDATA[Starting ChromeDriver 104.0.5112.79 (3cf3e8c8a07d104b9e1260c910efb8f383285dc5-refs/branch-heads/5112@{#1307}) on port 17736
Only local connections are allowed.
Please see https://chromedriver.chromium.org/security-considerations for suggestions on keeping ChromeDriver safe.
ChromeDriver was started successfully.
Aug 29, 2022 1:38:19 AM org.openqa.selenium.remote.ProtocolHandshake createSession
INFO: Detected dialect: W3C
]]></system-err>
  </testcase>
  <testcase name="To verify End to End test functionality  by searching elements from table list" classname="End to End test flow" time="52.738">
    <system-out><![CDATA[I am on login page
Kavita Nigam
All Products : All Products
Temp Array size : 4
eleItemSearch.sendKeys(tempArr[itemCount])
Item Count : 0
Row count : 1
Row count : 2
Paracetamol
Paracetamol
Row count : 3
Row count : 4
Row count : 5
Row count : 6
Column Count Value : 6
eleItemSearch.sendKeys(tempArr[itemCount])
Item Count : 1
Row count : 1
Row count : 2
Aceclofenac
Aceclofenac
Row count : 3
Row count : 4
Row count : 5
Row count : 6
Column Count Value : 6
eleItemSearch.sendKeys(tempArr[itemCount])
Item Count : 2
Row count : 1
Row count : 2
Ciprofloxacin
Ciprofloxacin
Row count : 3
Row count : 4
Row count : 5
Row count : 6
Column Count Value : 6
eleItemSearch.sendKeys(tempArr[itemCount])
Item Count : 3
Row count : 1
Row count : 2
Aceclofenac
Aceclofenac
Row count : 3
Row count : 4
Row count : 5
Row count : 6
Column Count Value : 6
Check Out Value :  3 - ₹ 150.0
Select Shipping Address
₹ 150.0/-
Final Payment
Your Order is Confirmed!!
Billed To:
Kavita Nigam
102 Sabarmati Society, Mahatma Gandhi Road
Near Salt Lake, Gandhi Nagar
Ahmedabad - 111111
Gujarat - India
Shipped To:
Kavita Nigam
102 Sabarmati Society, Mahatma Gandhi Road
Near Salt Lake, Gandhi Nagar
Ahmedabad - 111111
Gujarat - India
Payment Method:
Card Payment
kn@gmail.com
Order Date:
Mon Aug 29 01:39:56 IST 2022
Order summary
Item		Price		Quantity		Totals		
Paracetamol		₹ 18.0		1		₹ 18.0		
Aceclofenac		₹ 42.0		2		₹ 84.0		
Ciprofloxacin		₹ 48.0		1		₹ 48.0		
]]></system-out>
    <system-err><![CDATA[Starting ChromeDriver 104.0.5112.79 (3cf3e8c8a07d104b9e1260c910efb8f383285dc5-refs/branch-heads/5112@{#1307}) on port 35733
Only local connections are allowed.
Please see https://chromedriver.chromium.org/security-considerations for suggestions on keeping ChromeDriver safe.
ChromeDriver was started successfully.
Aug 29, 2022 1:39:13 AM org.openqa.selenium.remote.ProtocolHandshake createSession
INFO: Detected dialect: W3C
]]></system-err>
  </testcase>
  <testcase name="To check list of tablets in Antipyretics with Product info" classname="To verify Categories" time="8.783">
    <system-out><![CDATA[Total number of Rows : 2
Total number of Columns : 12

Paracetamol
Cipla
₹ 18
14
 

Combiflame
Cipla
₹ 22
50
 
]]></system-out>
    <system-err><![CDATA[Starting ChromeDriver 104.0.5112.79 (3cf3e8c8a07d104b9e1260c910efb8f383285dc5-refs/branch-heads/5112@{#1307}) on port 8151
Only local connections are allowed.
Please see https://chromedriver.chromium.org/security-considerations for suggestions on keeping ChromeDriver safe.
ChromeDriver was started successfully.
Aug 29, 2022 1:40:05 AM org.openqa.selenium.remote.ProtocolHandshake createSession
INFO: Detected dialect: W3C
]]></system-err>
  </testcase>
  <testcase name="To check list of tablets in Analgesics with Product info" classname="To verify Categories" time="9.314">
    <system-out><![CDATA[Total number of Rows : 2
Total number of Columns : 12

Diclofenac
Intas
₹ 30
20
 

Aceclofenac
Cipla
₹ 42
12
 
]]></system-out>
    <system-err><![CDATA[Starting ChromeDriver 104.0.5112.79 (3cf3e8c8a07d104b9e1260c910efb8f383285dc5-refs/branch-heads/5112@{#1307}) on port 24298
Only local connections are allowed.
Please see https://chromedriver.chromium.org/security-considerations for suggestions on keeping ChromeDriver safe.
ChromeDriver was started successfully.
Aug 29, 2022 1:40:15 AM org.openqa.selenium.remote.ProtocolHandshake createSession
INFO: Detected dialect: W3C
]]></system-err>
  </testcase>
  <testcase name="To check list of tablets in Antibiotics with Product info" classname="To verify Categories" time="8.75">
    <system-out><![CDATA[Total number of Rows : 5
Total number of Columns : 12

Amoxicillin
Sun Pharma
₹ 54
65
 

Ciprofloxacin
Sun Pharma
₹ 48
10
 

Cephalexin
Keflex
₹ 27
100
 

Cephalexin
Keflex
₹ 27
100
 

Cephalexin
Keflex
₹ 27
100
 
]]></system-out>
    <system-err><![CDATA[Starting ChromeDriver 104.0.5112.79 (3cf3e8c8a07d104b9e1260c910efb8f383285dc5-refs/branch-heads/5112@{#1307}) on port 30493
Only local connections are allowed.
Please see https://chromedriver.chromium.org/security-considerations for suggestions on keeping ChromeDriver safe.
ChromeDriver was started successfully.
Aug 29, 2022 1:40:23 AM org.openqa.selenium.remote.ProtocolHandshake createSession
INFO: Detected dialect: W3C
]]></system-err>
  </testcase>
  <testcase name="To login as a user" classname="User Login" time="13.8">
    <system-out><![CDATA[I am on login page
Kavita Nigam
I am on login page
]]></system-out>
    <system-err><![CDATA[Starting ChromeDriver 104.0.5112.79 (3cf3e8c8a07d104b9e1260c910efb8f383285dc5-refs/branch-heads/5112@{#1307}) on port 18073
Only local connections are allowed.
Please see https://chromedriver.chromium.org/security-considerations for suggestions on keeping ChromeDriver safe.
ChromeDriver was started successfully.
Aug 29, 2022 1:40:33 AM org.openqa.selenium.remote.ProtocolHandshake createSession
INFO: Detected dialect: W3C
]]></system-err>
  </testcase>
  <testcase name="To register as a user" classname="Admin Registration" time="24.967">
    <system-out><![CDATA[I am on login page
Role Flag : true
Changed role to Supplier
I am on login page
]]></system-out>
    <system-err><![CDATA[Starting ChromeDriver 104.0.5112.79 (3cf3e8c8a07d104b9e1260c910efb8f383285dc5-refs/branch-heads/5112@{#1307}) on port 14640
Only local connections are allowed.
Please see https://chromedriver.chromium.org/security-considerations for suggestions on keeping ChromeDriver safe.
ChromeDriver was started successfully.
Aug 29, 2022 1:40:47 AM org.openqa.selenium.remote.ProtocolHandshake createSession
INFO: Detected dialect: W3C
]]></system-err>
  </testcase>
  <testcase name="To register as a user" classname="User Registration" time="21.204">
    <system-out><![CDATA[I am on login page
I am on login page
]]></system-out>
    <system-err><![CDATA[Starting ChromeDriver 104.0.5112.79 (3cf3e8c8a07d104b9e1260c910efb8f383285dc5-refs/branch-heads/5112@{#1307}) on port 2989
Only local connections are allowed.
Please see https://chromedriver.chromium.org/security-considerations for suggestions on keeping ChromeDriver safe.
ChromeDriver was started successfully.
Aug 29, 2022 1:41:12 AM org.openqa.selenium.remote.ProtocolHandshake createSession
INFO: Detected dialect: W3C
]]></system-err>
  </testcase>
</testsuite>