<?xml version="1.0" encoding="UTF-8"?>
<testng-results ignored="0" total="4" passed="4" failed="0" skipped="0">
  <reporter-output>
  </reporter-output>
  <suite started-at="2022-08-23T17:08:11Z" name="Default suite" finished-at="2022-08-23T17:08:15Z" duration-ms="3787">
    <groups>
    </groups>
    <test started-at="2022-08-23T17:08:11Z" name="Default test" finished-at="2022-08-23T17:08:15Z" duration-ms="3787">
      <class name="restBDD.MedicareTest">
        <test-method signature="getAllProducts()[pri:0, instance:restBDD.MedicareTest@248e319b]" started-at="2022-08-23T17:08:11Z" name="getAllProducts" finished-at="2022-08-23T17:08:15Z" duration-ms="3535" status="PASS">
          <reporter-output>
          </reporter-output>
        </test-method> <!-- getAllProducts -->
        <test-method signature="getCat1Products()[pri:0, instance:restBDD.MedicareTest@248e319b]" started-at="2022-08-23T17:08:15Z" name="getCat1Products" finished-at="2022-08-23T17:08:15Z" duration-ms="78" status="PASS">
          <reporter-output>
          </reporter-output>
        </test-method> <!-- getCat1Products -->
        <test-method signature="getMpProducts()[pri:0, instance:restBDD.MedicareTest@248e319b]" started-at="2022-08-23T17:08:15Z" name="getMpProducts" finished-at="2022-08-23T17:08:15Z" duration-ms="51" status="PASS">
          <reporter-output>
          </reporter-output>
        </test-method> <!-- getMpProducts -->
        <test-method signature="getMvProducts()[pri:0, instance:restBDD.MedicareTest@248e319b]" started-at="2022-08-23T17:08:15Z" name="getMvProducts" finished-at="2022-08-23T17:08:15Z" duration-ms="56" status="PASS">
          <reporter-output>
          </reporter-output>
        </test-method> <!-- getMvProducts -->
      </class> <!-- restBDD.MedicareTest -->
    </test> <!-- Default test -->
  </suite> <!-- Default suite -->
</testng-results>
